<?xml version="1.0" encoding="UTF-8"?>
<!-- Generated by org.testng.reporters.JUnitXMLReporter -->
<testsuite ignored="0" hostname="Aryan.local" failures="0" tests="4" name="Default test" time="61.626" errors="0" timestamp="2025-10-23T16:21:05 IST">
  <testcase classname="com.HRM.TestCase.AdminPageTestCase" name="testMenus" time="20.322"/>
  <testcase classname="com.HRM.TestCase.AdminPageTestCase" name="testSearchWithUserName" time="9.807"/>
  <testcase classname="com.HRM.TestCase.AdminPageTestCase" name="testSearchWithUserRole" time="10.067"/>
  <testcase classname="com.HRM.TestCase.AdminPageTestCase" name="testSearchWithUserStatus" time="9.715"/>
</testsuite> <!-- Default test -->
