<?xml version="1.0" encoding="UTF-8"?>
<!-- Generated by org.testng.reporters.JUnitXMLReporter -->
<testsuite ignored="0" hostname="Aryan.local" failures="0" tests="4" name="AdminTest" time="53.367" errors="0" timestamp="2025-10-29T16:49:21 IST">
  <testcase classname="com.HRM.TestCase.AdminPageTestCase" name="testMenus" time="22.828"/>
  <testcase classname="com.HRM.TestCase.AdminPageTestCase" name="testSearchWithUserName" time="9.935"/>
  <testcase classname="com.HRM.TestCase.AdminPageTestCase" name="testSearchWithUserRole" time="10.135"/>
  <testcase classname="com.HRM.TestCase.AdminPageTestCase" name="testSearchWithUserStatus" time="0.45"/>
</testsuite> <!-- AdminTest -->
