<?xml version="1.0" encoding="UTF-8"?>
<!-- Generated by org.testng.reporters.JUnitXMLReporter -->
<testsuite ignored="0" hostname="Aryan.local" failures="4" tests="5" name="LoginTest" time="68.466" errors="0" timestamp="2025-10-29T16:48:28 IST">
  <testcase classname="com.HRM.TestCase.LoginPageTestCase" name="performLogin" time="24.251"/>
  <testcase classname="com.HRM.TestCase.LoginPageTestCase" name="performLogin" time="3.289">
    <failure type="java.lang.AssertionError" message="Test Fail: Invalid Login Data expected [true] but found [false]">
      <![CDATA[java.lang.AssertionError: Test Fail: Invalid Login Data expected [true] but found [false]
at com.HRM.TestCase.LoginPageTestCase.performLogin(LoginPageTestCase.java:30)
at java.base/java.util.ArrayList.forEach(ArrayList.java:1596)
... Removed 28 stack frames]]>
    </failure>
  </testcase> <!-- performLogin -->
  <testcase classname="com.HRM.TestCase.LoginPageTestCase" name="performLogin" time="0.625">
    <failure type="java.lang.AssertionError" message="Test Fail: Invalid Login Data expected [true] but found [false]">
      <![CDATA[java.lang.AssertionError: Test Fail: Invalid Login Data expected [true] but found [false]
at com.HRM.TestCase.LoginPageTestCase.performLogin(LoginPageTestCase.java:30)
at java.base/java.util.ArrayList.forEach(ArrayList.java:1596)
... Removed 28 stack frames]]>
    </failure>
  </testcase> <!-- performLogin -->
  <testcase classname="com.HRM.TestCase.LoginPageTestCase" name="performLogin" time="0.385">
    <failure type="java.lang.AssertionError" message="Test Fail: Invalid Login Data expected [true] but found [false]">
      <![CDATA[java.lang.AssertionError: Test Fail: Invalid Login Data expected [true] but found [false]
at com.HRM.TestCase.LoginPageTestCase.performLogin(LoginPageTestCase.java:30)
at java.base/java.util.ArrayList.forEach(ArrayList.java:1596)
... Removed 28 stack frames]]>
    </failure>
  </testcase> <!-- performLogin -->
  <testcase classname="com.HRM.TestCase.LoginPageTestCase" name="performLogin" time="0.411">
    <failure type="java.lang.AssertionError" message="Test Fail: Invalid Login Data expected [true] but found [false]">
      <![CDATA[java.lang.AssertionError: Test Fail: Invalid Login Data expected [true] but found [false]
at com.HRM.TestCase.LoginPageTestCase.performLogin(LoginPageTestCase.java:30)
at java.base/java.util.ArrayList.forEach(ArrayList.java:1596)
... Removed 28 stack frames]]>
    </failure>
  </testcase> <!-- performLogin -->
</testsuite> <!-- LoginTest -->
