<?xml version="1.0" encoding="UTF-8"?>
<!-- Generated by org.testng.reporters.JUnitXMLReporter -->
<testsuite ignored="0" hostname="Aryan.local" failures="4" tests="5" name="Test" time="42.245" errors="0" timestamp="2025-10-22T18:26:01 IST">
  <testcase classname="com.HRM.TestCase.LoginPageTestCase" name="performLogin" time="21.386"/>
  <testcase classname="com.HRM.TestCase.LoginPageTestCase" name="performLogin" time="4.611">
    <failure type="java.lang.AssertionError" message="Test Fail: Invalid Login Data expected [true] but found [false]">
      <![CDATA[java.lang.AssertionError: Test Fail: Invalid Login Data expected [true] but found [false]
at com.HRM.TestCase.LoginPageTestCase.performLogin(LoginPageTestCase.java:27)
at java.base/java.util.ArrayList.forEach(ArrayList.java:1596)
... Removed 28 stack frames]]>
    </failure>
  </testcase> <!-- performLogin -->
  <testcase classname="com.HRM.TestCase.LoginPageTestCase" name="performLogin" time="0.647">
    <failure type="java.lang.AssertionError" message="Test Fail: Invalid Login Data expected [true] but found [false]">
      <![CDATA[java.lang.AssertionError: Test Fail: Invalid Login Data expected [true] but found [false]
at com.HRM.TestCase.LoginPageTestCase.performLogin(LoginPageTestCase.java:27)
at java.base/java.util.ArrayList.forEach(ArrayList.java:1596)
... Removed 28 stack frames]]>
    </failure>
  </testcase> <!-- performLogin -->
  <testcase classname="com.HRM.TestCase.LoginPageTestCase" name="performLogin" time="0.43">
    <failure type="java.lang.AssertionError" message="Test Fail: Invalid Login Data expected [true] but found [false]">
      <![CDATA[java.lang.AssertionError: Test Fail: Invalid Login Data expected [true] but found [false]
at com.HRM.TestCase.LoginPageTestCase.performLogin(LoginPageTestCase.java:27)
at java.base/java.util.ArrayList.forEach(ArrayList.java:1596)
... Removed 28 stack frames]]>
    </failure>
  </testcase> <!-- performLogin -->
  <testcase classname="com.HRM.TestCase.LoginPageTestCase" name="performLogin" time="0.357">
    <failure type="java.lang.AssertionError" message="Test Fail: Invalid Login Data expected [true] but found [false]">
      <![CDATA[java.lang.AssertionError: Test Fail: Invalid Login Data expected [true] but found [false]
at com.HRM.TestCase.LoginPageTestCase.performLogin(LoginPageTestCase.java:27)
at java.base/java.util.ArrayList.forEach(ArrayList.java:1596)
... Removed 28 stack frames]]>
    </failure>
  </testcase> <!-- performLogin -->
</testsuite> <!-- Test -->
